<?xml version="1.0" encoding="UTF-8"?>
<!-- Generated by org.testng.reporters.JUnitXMLReporter -->
<testsuite ignored="0" hostname="MyLenovo" failures="0" tests="4" name="Default test" time="15.058" errors="0" timestamp="2026-04-01T07:47:32 IST">
  <testcase classname="testcom.qa.sauselabs.tests.LoginPageTest" name="verifyInvalidLogin" time="4.623"/>
  <testcase classname="testcom.qa.sauselabs.tests.LoginPageTest" name="verifyInvalidLogin" time="4.566"/>
  <testcase classname="testcom.qa.sauselabs.tests.LoginPageTest" name="verifyInvalidLogin" time="4.522"/>
  <testcase classname="testcom.qa.sauselabs.tests.LoginPageTest" name="verifyValidLogin" time="0.553"/>
</testsuite> <!-- Default test -->
