<?xml version="1.0" encoding="UTF-8"?>
<!-- Generated by org.testng.reporters.JUnitXMLReporter -->
<testsuite ignored="0" hostname="MyLenovo" failures="0" tests="4" name="Default test" time="13.453" errors="0" timestamp="2026-03-29T07:07:42 IST">
  <testcase classname="testcom.qa.sauselabs.tests.LoginPageTest" name="verifyInvalidLogin" time="4.281"/>
  <testcase classname="testcom.qa.sauselabs.tests.LoginPageTest" name="verifyInvalidLogin" time="4.365"/>
  <testcase classname="testcom.qa.sauselabs.tests.LoginPageTest" name="verifyInvalidLogin" time="4.419"/>
  <testcase classname="testcom.qa.sauselabs.tests.LoginPageTest" name="verifyValidLogin" time="0.341"/>
</testsuite> <!-- Default test -->
