<?xml version="1.0" encoding="UTF-8"?>
<testng-results ignored="0" total="8" passed="8" failed="0" skipped="0">
  <reporter-output>
  </reporter-output>
  <suite started-at="2026-04-01T17:43:31 IST" name="Interview demo Test Regression Suite" finished-at="2026-04-01T17:43:46 IST" duration-ms="14899">
    <groups>
    </groups>
    <test started-at="2026-04-01T17:43:31 IST" name="Login Page Test_edge" finished-at="2026-04-01T17:43:45 IST" duration-ms="14569">
      <class name="testcom.qa.sauselabs.tests.LoginPageTest">
        <test-method signature="verifyInvalidLogin(java.lang.String,java.lang.String)[pri:0, instance:testcom.qa.sauselabs.tests.LoginPageTest@2ccc9681]" started-at="2026-04-01T17:43:31 IST" name="verifyInvalidLogin" data-provider="testCredentials" finished-at="2026-04-01T17:43:35 IST" duration-ms="4410" status="PASS">
          <params>
            <param index="0">
              <value>
                <![CDATA[locked_out_user]]>
              </value>
            </param>
            <param index="1">
              <value>
                <![CDATA[secret_sauce]]>
              </value>
            </param>
          </params>
          <reporter-output>
          </reporter-output>
        </test-method> <!-- verifyInvalidLogin -->
        <test-method signature="verifyInvalidLogin(java.lang.String,java.lang.String)[pri:0, instance:testcom.qa.sauselabs.tests.LoginPageTest@2ccc9681]" started-at="2026-04-01T17:43:35 IST" name="verifyInvalidLogin" data-provider="testCredentials" finished-at="2026-04-01T17:43:40 IST" duration-ms="4265" status="PASS">
          <params>
            <param index="0">
              <value>
                <![CDATA[no_password]]>
              </value>
            </param>
            <param index="1">
              <value>
                <![CDATA[]]>
              </value>
            </param>
          </params>
          <reporter-output>
          </reporter-output>
        </test-method> <!-- verifyInvalidLogin -->
        <test-method signature="verifyInvalidLogin(java.lang.String,java.lang.String)[pri:0, instance:testcom.qa.sauselabs.tests.LoginPageTest@2ccc9681]" started-at="2026-04-01T17:43:40 IST" name="verifyInvalidLogin" data-provider="testCredentials" finished-at="2026-04-01T17:43:44 IST" duration-ms="4294" status="PASS">
          <params>
            <param index="0">
              <value>
                <![CDATA[]]>
              </value>
            </param>
            <param index="1">
              <value>
                <![CDATA[secret_sauce]]>
              </value>
            </param>
          </params>
          <reporter-output>
          </reporter-output>
        </test-method> <!-- verifyInvalidLogin -->
        <test-method signature="verifyValidLogin()[pri:0, instance:testcom.qa.sauselabs.tests.LoginPageTest@2ccc9681]" started-at="2026-04-01T17:43:44 IST" name="verifyValidLogin" finished-at="2026-04-01T17:43:44 IST" duration-ms="404" status="PASS">
          <reporter-output>
          </reporter-output>
        </test-method> <!-- verifyValidLogin -->
        <test-method is-config="true" signature="TearDown()[pri:0, instance:testcom.qa.sauselabs.tests.LoginPageTest@2ccc9681]" started-at="2026-04-01T17:43:44 IST" name="TearDown" finished-at="2026-04-01T17:43:45 IST" duration-ms="824" status="PASS">
          <reporter-output>
          </reporter-output>
        </test-method> <!-- TearDown -->
      </class> <!-- testcom.qa.sauselabs.tests.LoginPageTest -->
    </test> <!-- Login Page Test_edge -->
    <test started-at="2026-04-01T17:43:31 IST" name="Login Page Test_chrome" finished-at="2026-04-01T17:43:46 IST" duration-ms="14899">
      <class name="testcom.qa.sauselabs.tests.LoginPageTest">
        <test-method signature="verifyInvalidLogin(java.lang.String,java.lang.String)[pri:0, instance:testcom.qa.sauselabs.tests.LoginPageTest@7ab63838]" started-at="2026-04-01T17:43:31 IST" name="verifyInvalidLogin" data-provider="testCredentials" finished-at="2026-04-01T17:43:35 IST" duration-ms="4410" status="PASS">
          <params>
            <param index="0">
              <value>
                <![CDATA[locked_out_user]]>
              </value>
            </param>
            <param index="1">
              <value>
                <![CDATA[secret_sauce]]>
              </value>
            </param>
          </params>
          <reporter-output>
          </reporter-output>
        </test-method> <!-- verifyInvalidLogin -->
        <test-method signature="verifyInvalidLogin(java.lang.String,java.lang.String)[pri:0, instance:testcom.qa.sauselabs.tests.LoginPageTest@7ab63838]" started-at="2026-04-01T17:43:35 IST" name="verifyInvalidLogin" data-provider="testCredentials" finished-at="2026-04-01T17:43:40 IST" duration-ms="4314" status="PASS">
          <params>
            <param index="0">
              <value>
                <![CDATA[no_password]]>
              </value>
            </param>
            <param index="1">
              <value>
                <![CDATA[]]>
              </value>
            </param>
          </params>
          <reporter-output>
          </reporter-output>
        </test-method> <!-- verifyInvalidLogin -->
        <test-method signature="verifyInvalidLogin(java.lang.String,java.lang.String)[pri:0, instance:testcom.qa.sauselabs.tests.LoginPageTest@7ab63838]" started-at="2026-04-01T17:43:40 IST" name="verifyInvalidLogin" data-provider="testCredentials" finished-at="2026-04-01T17:43:44 IST" duration-ms="4364" status="PASS">
          <params>
            <param index="0">
              <value>
                <![CDATA[]]>
              </value>
            </param>
            <param index="1">
              <value>
                <![CDATA[secret_sauce]]>
              </value>
            </param>
          </params>
          <reporter-output>
          </reporter-output>
        </test-method> <!-- verifyInvalidLogin -->
        <test-method signature="verifyValidLogin()[pri:0, instance:testcom.qa.sauselabs.tests.LoginPageTest@7ab63838]" started-at="2026-04-01T17:43:44 IST" name="verifyValidLogin" finished-at="2026-04-01T17:43:45 IST" duration-ms="666" status="PASS">
          <reporter-output>
          </reporter-output>
        </test-method> <!-- verifyValidLogin -->
        <test-method is-config="true" signature="TearDown()[pri:0, instance:testcom.qa.sauselabs.tests.LoginPageTest@7ab63838]" started-at="2026-04-01T17:43:45 IST" name="TearDown" finished-at="2026-04-01T17:43:46 IST" duration-ms="759" status="PASS">
          <reporter-output>
          </reporter-output>
        </test-method> <!-- TearDown -->
      </class> <!-- testcom.qa.sauselabs.tests.LoginPageTest -->
    </test> <!-- Login Page Test_chrome -->
  </suite> <!-- Interview demo Test Regression Suite -->
</testng-results>
