<?xml version="1.0" encoding="UTF-8"?>
<testng-results ignored="0" total="4" passed="4" failed="0" skipped="0">
  <reporter-output>
  </reporter-output>
  <suite started-at="2026-04-01T07:47:17 IST" name="Default suite" finished-at="2026-04-01T07:47:32 IST" duration-ms="15058">
    <groups>
    </groups>
    <test started-at="2026-04-01T07:47:17 IST" name="Default test" finished-at="2026-04-01T07:47:32 IST" duration-ms="15058">
      <class name="testcom.qa.sauselabs.tests.LoginPageTest">
        <test-method signature="verifyInvalidLogin(java.lang.String,java.lang.String)[pri:0, instance:testcom.qa.sauselabs.tests.LoginPageTest@18539cb1]" started-at="2026-04-01T07:47:17 IST" name="verifyInvalidLogin" data-provider="testCredentials" finished-at="2026-04-01T07:47:22 IST" duration-ms="4623" status="PASS">
          <params>
            <param index="0">
              <value>
                <![CDATA[locked_out_user]]>
              </value>
            </param>
            <param index="1">
              <value>
                <![CDATA[secret_sauce]]>
              </value>
            </param>
          </params>
          <reporter-output>
          </reporter-output>
        </test-method> <!-- verifyInvalidLogin -->
        <test-method signature="verifyInvalidLogin(java.lang.String,java.lang.String)[pri:0, instance:testcom.qa.sauselabs.tests.LoginPageTest@18539cb1]" started-at="2026-04-01T07:47:22 IST" name="verifyInvalidLogin" data-provider="testCredentials" finished-at="2026-04-01T07:47:26 IST" duration-ms="4566" status="PASS">
          <params>
            <param index="0">
              <value>
                <![CDATA[no_password]]>
              </value>
            </param>
            <param index="1">
              <value>
                <![CDATA[]]>
              </value>
            </param>
          </params>
          <reporter-output>
          </reporter-output>
        </test-method> <!-- verifyInvalidLogin -->
        <test-method signature="verifyInvalidLogin(java.lang.String,java.lang.String)[pri:0, instance:testcom.qa.sauselabs.tests.LoginPageTest@18539cb1]" started-at="2026-04-01T07:47:26 IST" name="verifyInvalidLogin" data-provider="testCredentials" finished-at="2026-04-01T07:47:31 IST" duration-ms="4522" status="PASS">
          <params>
            <param index="0">
              <value>
                <![CDATA[]]>
              </value>
            </param>
            <param index="1">
              <value>
                <![CDATA[secret_sauce]]>
              </value>
            </param>
          </params>
          <reporter-output>
          </reporter-output>
        </test-method> <!-- verifyInvalidLogin -->
        <test-method signature="verifyValidLogin()[pri:0, instance:testcom.qa.sauselabs.tests.LoginPageTest@18539cb1]" started-at="2026-04-01T07:47:31 IST" name="verifyValidLogin" finished-at="2026-04-01T07:47:32 IST" duration-ms="553" status="PASS">
          <reporter-output>
          </reporter-output>
        </test-method> <!-- verifyValidLogin -->
        <test-method is-config="true" signature="TearDown()[pri:0, instance:testcom.qa.sauselabs.tests.LoginPageTest@18539cb1]" started-at="2026-04-01T07:47:32 IST" name="TearDown" finished-at="2026-04-01T07:47:32 IST" duration-ms="401" status="PASS">
          <reporter-output>
          </reporter-output>
        </test-method> <!-- TearDown -->
      </class> <!-- testcom.qa.sauselabs.tests.LoginPageTest -->
    </test> <!-- Default test -->
  </suite> <!-- Default suite -->
</testng-results>
