<?xml version="1.0" encoding="UTF-8"?>
<!-- Generated by org.testng.reporters.JUnitReportReporter -->
<testsuite hostname="MyLenovo" failures="0" tests="4" name="testcom.qa.sauselabs.tests.LoginPageTest" time="14.264" errors="0" timestamp="2026-04-01T07:47:33 IST" skipped="0">
  <testcase classname="testcom.qa.sauselabs.tests.LoginPageTest" name="verifyInvalidLogin" time="4.566"/>
  <system-out/>
  <testcase classname="testcom.qa.sauselabs.tests.LoginPageTest" name="verifyValidLogin" time="0.553"/>
  <system-out/>
  <testcase classname="testcom.qa.sauselabs.tests.LoginPageTest" name="verifyInvalidLogin" time="4.623"/>
  <system-out/>
  <testcase classname="testcom.qa.sauselabs.tests.LoginPageTest" name="verifyInvalidLogin" time="4.522"/>
  <system-out/>
</testsuite> <!-- testcom.qa.sauselabs.tests.LoginPageTest -->
