<?xml version="1.0" encoding="UTF-8"?>
<!-- Generated by org.testng.reporters.JUnitReportReporter -->
<testsuite hostname="MyLenovo" failures="0" tests="8" name="testcom.qa.sauselabs.tests.LoginPageTest" time="27.127" errors="0" timestamp="2026-04-01T17:43:46 IST" skipped="0">
  <testcase classname="testcom.qa.sauselabs.tests.LoginPageTest" name="verifyInvalidLogin" time="4.265"/>
  <system-out/>
  <testcase classname="testcom.qa.sauselabs.tests.LoginPageTest" name="verifyInvalidLogin" time="4.410"/>
  <system-out/>
  <testcase classname="testcom.qa.sauselabs.tests.LoginPageTest" name="verifyValidLogin" time="0.666"/>
  <system-out/>
  <testcase classname="testcom.qa.sauselabs.tests.LoginPageTest" name="verifyInvalidLogin" time="4.364"/>
  <system-out/>
  <testcase classname="testcom.qa.sauselabs.tests.LoginPageTest" name="verifyInvalidLogin" time="4.294"/>
  <system-out/>
  <testcase classname="testcom.qa.sauselabs.tests.LoginPageTest" name="verifyValidLogin" time="0.404"/>
  <system-out/>
  <testcase classname="testcom.qa.sauselabs.tests.LoginPageTest" name="verifyInvalidLogin" time="4.314"/>
  <system-out/>
  <testcase classname="testcom.qa.sauselabs.tests.LoginPageTest" name="verifyInvalidLogin" time="4.410"/>
  <system-out/>
</testsuite> <!-- testcom.qa.sauselabs.tests.LoginPageTest -->
